2014/10/17 12:02:15 [error] [php] include(LoginForm.php): failed to open stream: No such file or directory (/Users/littledang/Sites/mf/yii/framework/YiiBase.php:421)
Stack trace:
#0 /Users/littledang/Sites/mf/protected/controllers/PassportController.php(32): spl_autoload_call()
#1 /Users/littledang/Sites/mf/yii/framework/web/actions/CInlineAction.php(49): PassportController->actionLogin()
#2 /Users/littledang/Sites/mf/yii/framework/web/CController.php(308): CInlineAction->runWithParams()
#3 /Users/littledang/Sites/mf/yii/framework/web/CController.php(286): PassportController->runAction()
#4 /Users/littledang/Sites/mf/yii/framework/web/CController.php(265): PassportController->runActionWithFilters()
#5 /Users/littledang/Sites/mf/yii/framework/web/CWebApplication.php(282): PassportController->run()
#6 /Users/littledang/Sites/mf/yii/framework/web/CWebApplication.php(141): CWebApplication->runController()
#7 /Users/littledang/Sites/mf/yii/framework/base/CApplication.php(169): CWebApplication->processRequest()
#8 /Users/littledang/Sites/mf/index.php(7): CWebApplication->run()
REQUEST_URI=/~littledang/mf/index.php?r=passport/login
in /Users/littledang/Sites/mf/protected/controllers/PassportController.php (32)
in /Users/littledang/Sites/mf/index.php (7)
<<<<<<< HEAD
2014/12/11 06:40:03 [error] [exception.CException] exception 'CException' with message 'SiteController cannot find the requested view "order".' in /home/vagrant/workspace/mf/yii/framework/web/CController.php:878
Stack trace:
#0 /home/vagrant/workspace/mf/themes/one/views/site/index.php(32): CController->renderPartial('order')
#1 /home/vagrant/workspace/mf/yii/framework/web/CBaseController.php(126): require('/home/vagrant/w...')
#2 /home/vagrant/workspace/mf/yii/framework/web/CBaseController.php(95): CBaseController->renderInternal('/home/vagrant/w...', NULL, true)
#3 /home/vagrant/workspace/mf/yii/framework/web/CController.php(869): CBaseController->renderFile('/home/vagrant/w...', NULL, true)
#4 /home/vagrant/workspace/mf/yii/framework/web/CController.php(782): CController->renderPartial('index', NULL, true)
#5 /home/vagrant/workspace/mf/protected/controllers/SiteController.php(11): CController->render('index')
#6 /home/vagrant/workspace/mf/yii/framework/web/actions/CInlineAction.php(49): SiteController->actionIndex()
#7 /home/vagrant/workspace/mf/yii/framework/web/CController.php(308): CInlineAction->runWithParams(Array)
#8 /home/vagrant/workspace/mf/yii/framework/web/CController.php(286): CController->runAction(Object(CInlineAction))
#9 /home/vagrant/workspace/mf/yii/framework/web/CController.php(265): CController->runActionWithFilters(Object(CInlineAction), Array)
#10 /home/vagrant/workspace/mf/yii/framework/web/CWebApplication.php(282): CController->run('')
#11 /home/vagrant/workspace/mf/yii/framework/web/CWebApplication.php(141): CWebApplication->runController('')
#12 /home/vagrant/workspace/mf/yii/framework/base/CApplication.php(169): CWebApplication->processRequest()
#13 /home/vagrant/workspace/mf/index.php(7): CApplication->run()
#14 {main}
REQUEST_URI=/mf/index.php
---
2014/12/11 06:44:00 [error] [php] include(order.php): failed to open stream: No such file or directory (/home/vagrant/workspace/mf/yii/framework/YiiBase.php:421)
Stack trace:
#0 /home/vagrant/workspace/mf/yii/framework/web/CWidgetFactory.php(147): spl_autoload_call()
#1 /home/vagrant/workspace/mf/yii/framework/web/CBaseController.php(146): CWidgetFactory->createWidget()
#2 /home/vagrant/workspace/mf/yii/framework/web/CBaseController.php(172): SiteController->createWidget()
#3 /home/vagrant/workspace/mf/themes/one/views/site/index.php(32): SiteController->widget()
#4 /home/vagrant/workspace/mf/yii/framework/web/CBaseController.php(126): require()
#5 /home/vagrant/workspace/mf/yii/framework/web/CBaseController.php(95): SiteController->renderInternal()
#6 /home/vagrant/workspace/mf/yii/framework/web/CController.php(869): SiteController->renderFile()
#7 /home/vagrant/workspace/mf/yii/framework/web/CController.php(782): SiteController->renderPartial()
#8 /home/vagrant/workspace/mf/protected/controllers/SiteController.php(11): SiteController->render()
#9 /home/vagrant/workspace/mf/yii/framework/web/actions/CInlineAction.php(49): SiteController->actionIndex()
#10 /home/vagrant/workspace/mf/yii/framework/web/CController.php(308): CInlineAction->runWithParams()
#11 /home/vagrant/workspace/mf/yii/framework/web/CController.php(286): SiteController->runAction()
#12 /home/vagrant/workspace/mf/yii/framework/web/CController.php(265): SiteController->runActionWithFilters()
#13 /home/vagrant/workspace/mf/yii/framework/web/CWebApplication.php(282): SiteController->run()
#14 /home/vagrant/workspace/mf/yii/framework/web/CWebApplication.php(141): CWebApplication->runController()
#15 /home/vagrant/workspace/mf/yii/framework/base/CApplication.php(169): CWebApplication->processRequest()
#16 /home/vagrant/workspace/mf/index.php(7): CWebApplication->run()
REQUEST_URI=/mf/index.php
in /home/vagrant/workspace/mf/themes/one/views/site/index.php (32)
in /home/vagrant/workspace/mf/protected/controllers/SiteController.php (11)
in /home/vagrant/workspace/mf/index.php (7)
2014/12/11 06:50:36 [error] [php] include(order.php): failed to open stream: No such file or directory (/home/vagrant/workspace/mf/yii/framework/YiiBase.php:421)
Stack trace:
#0 /home/vagrant/workspace/mf/yii/framework/web/CWidgetFactory.php(146): import()
#1 /home/vagrant/workspace/mf/yii/framework/web/CBaseController.php(146): CWidgetFactory->createWidget()
#2 /home/vagrant/workspace/mf/yii/framework/web/CBaseController.php(172): SiteController->createWidget()
#3 /home/vagrant/workspace/mf/themes/one/views/site/index.php(32): SiteController->widget()
#4 /home/vagrant/workspace/mf/yii/framework/web/CBaseController.php(126): require()
#5 /home/vagrant/workspace/mf/yii/framework/web/CBaseController.php(95): SiteController->renderInternal()
#6 /home/vagrant/workspace/mf/yii/framework/web/CController.php(869): SiteController->renderFile()
#7 /home/vagrant/workspace/mf/yii/framework/web/CController.php(782): SiteController->renderPartial()
#8 /home/vagrant/workspace/mf/protected/controllers/SiteController.php(11): SiteController->render()
#9 /home/vagrant/workspace/mf/yii/framework/web/actions/CInlineAction.php(49): SiteController->actionIndex()
#10 /home/vagrant/workspace/mf/yii/framework/web/CController.php(308): CInlineAction->runWithParams()
#11 /home/vagrant/workspace/mf/yii/framework/web/CController.php(286): SiteController->runAction()
#12 /home/vagrant/workspace/mf/yii/framework/web/CController.php(265): SiteController->runActionWithFilters()
#13 /home/vagrant/workspace/mf/yii/framework/web/CWebApplication.php(282): SiteController->run()
#14 /home/vagrant/workspace/mf/yii/framework/web/CWebApplication.php(141): CWebApplication->runController()
#15 /home/vagrant/workspace/mf/yii/framework/base/CApplication.php(169): CWebApplication->processRequest()
#16 /home/vagrant/workspace/mf/index.php(7): CWebApplication->run()
REQUEST_URI=/mf/index.php
in /home/vagrant/workspace/mf/themes/one/views/site/index.php (32)
in /home/vagrant/workspace/mf/protected/controllers/SiteController.php (11)
in /home/vagrant/workspace/mf/index.php (7)
2014/12/11 07:28:54 [error] [exception.CException] exception 'CException' with message 'PayController cannot find the requested view "index".' in /home/vagrant/workspace/mf/yii/framework/web/CController.php:878
Stack trace:
#0 /home/vagrant/workspace/mf/yii/framework/web/CController.php(782): CController->renderPartial('index', NULL, true)
#1 /home/vagrant/workspace/mf/protected/controllers/PayController.php(9): CController->render('index')
#2 /home/vagrant/workspace/mf/yii/framework/web/actions/CInlineAction.php(49): PayController->actionIndex()
#3 /home/vagrant/workspace/mf/yii/framework/web/CController.php(308): CInlineAction->runWithParams(Array)
#4 /home/vagrant/workspace/mf/yii/framework/web/CController.php(286): CController->runAction(Object(CInlineAction))
#5 /home/vagrant/workspace/mf/yii/framework/web/CController.php(265): CController->runActionWithFilters(Object(CInlineAction), Array)
#6 /home/vagrant/workspace/mf/yii/framework/web/CWebApplication.php(282): CController->run('index')
#7 /home/vagrant/workspace/mf/yii/framework/web/CWebApplication.php(141): CWebApplication->runController('pay/index')
#8 /home/vagrant/workspace/mf/yii/framework/base/CApplication.php(169): CWebApplication->processRequest()
#9 /home/vagrant/workspace/mf/index.php(7): CApplication->run()
#10 {main}
REQUEST_URI=/mf/index.php?r=pay/index
---
2014/12/11 07:29:02 [error] [exception.CException] exception 'CException' with message 'PayController cannot find the requested view "index".' in /home/vagrant/workspace/mf/yii/framework/web/CController.php:878
Stack trace:
#0 /home/vagrant/workspace/mf/yii/framework/web/CController.php(782): CController->renderPartial('index', NULL, true)
#1 /home/vagrant/workspace/mf/protected/controllers/PayController.php(9): CController->render('index')
#2 /home/vagrant/workspace/mf/yii/framework/web/actions/CInlineAction.php(49): PayController->actionIndex()
#3 /home/vagrant/workspace/mf/yii/framework/web/CController.php(308): CInlineAction->runWithParams(Array)
#4 /home/vagrant/workspace/mf/yii/framework/web/CController.php(286): CController->runAction(Object(CInlineAction))
#5 /home/vagrant/workspace/mf/yii/framework/web/CController.php(265): CController->runActionWithFilters(Object(CInlineAction), Array)
#6 /home/vagrant/workspace/mf/yii/framework/web/CWebApplication.php(282): CController->run('index')
#7 /home/vagrant/workspace/mf/yii/framework/web/CWebApplication.php(141): CWebApplication->runController('pay/index')
#8 /home/vagrant/workspace/mf/yii/framework/base/CApplication.php(169): CWebApplication->processRequest()
#9 /home/vagrant/workspace/mf/index.php(7): CApplication->run()
#10 {main}
REQUEST_URI=/mf/index.php?r=pay/index
---
2014/12/11 07:29:48 [error] [exception.CException] exception 'CException' with message 'PayController cannot find the requested view "index".' in /home/vagrant/workspace/mf/yii/framework/web/CController.php:878
Stack trace:
#0 /home/vagrant/workspace/mf/yii/framework/web/CController.php(782): CController->renderPartial('index', NULL, true)
#1 /home/vagrant/workspace/mf/protected/controllers/PayController.php(9): CController->render('index')
#2 /home/vagrant/workspace/mf/yii/framework/web/actions/CInlineAction.php(49): PayController->actionIndex()
#3 /home/vagrant/workspace/mf/yii/framework/web/CController.php(308): CInlineAction->runWithParams(Array)
#4 /home/vagrant/workspace/mf/yii/framework/web/CController.php(286): CController->runAction(Object(CInlineAction))
#5 /home/vagrant/workspace/mf/yii/framework/web/CController.php(265): CController->runActionWithFilters(Object(CInlineAction), Array)
#6 /home/vagrant/workspace/mf/yii/framework/web/CWebApplication.php(282): CController->run('index')
#7 /home/vagrant/workspace/mf/yii/framework/web/CWebApplication.php(141): CWebApplication->runController('pay/index')
#8 /home/vagrant/workspace/mf/yii/framework/base/CApplication.php(169): CWebApplication->processRequest()
#9 /home/vagrant/workspace/mf/index.php(7): CApplication->run()
#10 {main}
REQUEST_URI=/mf/index.php?r=pay/index
---
2014/12/11 07:31:37 [error] [exception.CException] exception 'CException' with message 'PayController cannot find the requested view "index".' in /home/vagrant/workspace/mf/yii/framework/web/CController.php:878
Stack trace:
#0 /home/vagrant/workspace/mf/yii/framework/web/CController.php(782): CController->renderPartial('index', NULL, true)
#1 /home/vagrant/workspace/mf/protected/controllers/PayController.php(9): CController->render('index')
#2 /home/vagrant/workspace/mf/yii/framework/web/actions/CInlineAction.php(49): PayController->actionIndex()
#3 /home/vagrant/workspace/mf/yii/framework/web/CController.php(308): CInlineAction->runWithParams(Array)
#4 /home/vagrant/workspace/mf/yii/framework/web/CController.php(286): CController->runAction(Object(CInlineAction))
#5 /home/vagrant/workspace/mf/yii/framework/web/CController.php(265): CController->runActionWithFilters(Object(CInlineAction), Array)
#6 /home/vagrant/workspace/mf/yii/framework/web/CWebApplication.php(282): CController->run('index')
#7 /home/vagrant/workspace/mf/yii/framework/web/CWebApplication.php(141): CWebApplication->runController('pay/index')
#8 /home/vagrant/workspace/mf/yii/framework/base/CApplication.php(169): CWebApplication->processRequest()
#9 /home/vagrant/workspace/mf/index.php(7): CApplication->run()
#10 {main}
REQUEST_URI=/mf/index.php?r=pay/index
---
2014/12/11 07:35:59 [error] [php] Creating default object from empty value (/home/vagrant/workspace/mf/protected/controllers/PayController.php:36)
Stack trace:
#0 /home/vagrant/workspace/mf/yii/framework/web/CController.php(308): CInlineAction->runWithParams()
#1 /home/vagrant/workspace/mf/yii/framework/web/CController.php(286): PayController->runAction()
#2 /home/vagrant/workspace/mf/yii/framework/web/CController.php(265): PayController->runActionWithFilters()
#3 /home/vagrant/workspace/mf/yii/framework/web/CWebApplication.php(282): PayController->run()
#4 /home/vagrant/workspace/mf/yii/framework/web/CWebApplication.php(141): CWebApplication->runController()
#5 /home/vagrant/workspace/mf/yii/framework/base/CApplication.php(169): CWebApplication->processRequest()
#6 /home/vagrant/workspace/mf/index.php(7): CWebApplication->run()
REQUEST_URI=/mf/index.php?r=pay/alipay
in /home/vagrant/workspace/mf/protected/controllers/PayController.php (36)
in /home/vagrant/workspace/mf/protected/controllers/PayController.php (29)
in /home/vagrant/workspace/mf/index.php (7)
2014/12/11 07:36:44 [error] [php] Creating default object from empty value (/home/vagrant/workspace/mf/protected/controllers/PayController.php:38)
Stack trace:
#0 /home/vagrant/workspace/mf/yii/framework/web/CController.php(308): CInlineAction->runWithParams()
#1 /home/vagrant/workspace/mf/yii/framework/web/CController.php(286): PayController->runAction()
#2 /home/vagrant/workspace/mf/yii/framework/web/CController.php(265): PayController->runActionWithFilters()
#3 /home/vagrant/workspace/mf/yii/framework/web/CWebApplication.php(282): PayController->run()
#4 /home/vagrant/workspace/mf/yii/framework/web/CWebApplication.php(141): CWebApplication->runController()
#5 /home/vagrant/workspace/mf/yii/framework/base/CApplication.php(169): CWebApplication->processRequest()
#6 /home/vagrant/workspace/mf/index.php(7): CWebApplication->run()
REQUEST_URI=/mf/index.php?r=pay/alipay
in /home/vagrant/workspace/mf/protected/controllers/PayController.php (38)
in /home/vagrant/workspace/mf/protected/controllers/PayController.php (31)
in /home/vagrant/workspace/mf/index.php (7)
2014/12/11 07:37:56 [error] [php] Undefined property: Alipay::$out_trade_no (/home/vagrant/workspace/mf/protected/controllers/PayController.php:39)
Stack trace:
#0 /home/vagrant/workspace/mf/yii/framework/web/CController.php(308): CInlineAction->runWithParams()
#1 /home/vagrant/workspace/mf/yii/framework/web/CController.php(286): PayController->runAction()
#2 /home/vagrant/workspace/mf/yii/framework/web/CController.php(265): PayController->runActionWithFilters()
#3 /home/vagrant/workspace/mf/yii/framework/web/CWebApplication.php(282): PayController->run()
#4 /home/vagrant/workspace/mf/yii/framework/web/CWebApplication.php(141): CWebApplication->runController()
#5 /home/vagrant/workspace/mf/yii/framework/base/CApplication.php(169): CWebApplication->processRequest()
#6 /home/vagrant/workspace/mf/index.php(7): CWebApplication->run()
REQUEST_URI=/mf/index.php?r=pay/alipay
in /home/vagrant/workspace/mf/protected/controllers/PayController.php (39)
in /home/vagrant/workspace/mf/protected/controllers/PayController.php (31)
in /home/vagrant/workspace/mf/index.php (7)
2014/12/11 07:40:05 [error] [exception.CException] exception 'CException' with message 'Property "CHttpRequest.out_trade_no" is not defined.' in /home/vagrant/workspace/mf/yii/framework/base/CComponent.php:173
Stack trace:
#0 /home/vagrant/workspace/mf/protected/controllers/PayController.php(39): CComponent->__set('out_trade_no', '201412110740054...')
#1 /home/vagrant/workspace/mf/protected/controllers/PayController.php(31): PayController->alipayRequest(0, '201412110740054...', NULL)
#2 /home/vagrant/workspace/mf/yii/framework/web/actions/CInlineAction.php(49): PayController->actionAlipay()
#3 /home/vagrant/workspace/mf/yii/framework/web/CController.php(308): CInlineAction->runWithParams(Array)
#4 /home/vagrant/workspace/mf/yii/framework/web/CController.php(286): CController->runAction(Object(CInlineAction))
#5 /home/vagrant/workspace/mf/yii/framework/web/CController.php(265): CController->runActionWithFilters(Object(CInlineAction), Array)
#6 /home/vagrant/workspace/mf/yii/framework/web/CWebApplication.php(282): CController->run('alipay')
#7 /home/vagrant/workspace/mf/yii/framework/web/CWebApplication.php(141): CWebApplication->runController('pay/alipay')
#8 /home/vagrant/workspace/mf/yii/framework/base/CApplication.php(169): CWebApplication->processRequest()
#9 /home/vagrant/workspace/mf/index.php(7): CApplication->run()
#10 {main}
REQUEST_URI=/mf/index.php?r=pay/alipay
HTTP_REFERER=http://127.0.0.1/mf/index.php
---
2014/12/11 07:56:06 [error] [php] Undefined variable: form (/home/vagrant/workspace/mf/protected/controllers/PayController.php:38)
Stack trace:
#0 /home/vagrant/workspace/mf/yii/framework/web/CController.php(308): CInlineAction->runWithParams()
#1 /home/vagrant/workspace/mf/yii/framework/web/CController.php(286): PayController->runAction()
#2 /home/vagrant/workspace/mf/yii/framework/web/CController.php(265): PayController->runActionWithFilters()
#3 /home/vagrant/workspace/mf/yii/framework/web/CWebApplication.php(282): PayController->run()
#4 /home/vagrant/workspace/mf/yii/framework/web/CWebApplication.php(141): CWebApplication->runController()
#5 /home/vagrant/workspace/mf/yii/framework/base/CApplication.php(169): CWebApplication->processRequest()
#6 /home/vagrant/workspace/mf/index.php(7): CWebApplication->run()
REQUEST_URI=/mf/index.php?r=pay/alipay
in /home/vagrant/workspace/mf/protected/controllers/PayController.php (38)
in /home/vagrant/workspace/mf/protected/controllers/PayController.php (28)
in /home/vagrant/workspace/mf/index.php (7)
2014/12/11 07:56:24 [error] [php] Undefined variable: form (/home/vagrant/workspace/mf/protected/controllers/PayController.php:41)
Stack trace:
#0 /home/vagrant/workspace/mf/yii/framework/web/CController.php(308): CInlineAction->runWithParams()
#1 /home/vagrant/workspace/mf/yii/framework/web/CController.php(286): PayController->runAction()
#2 /home/vagrant/workspace/mf/yii/framework/web/CController.php(265): PayController->runActionWithFilters()
#3 /home/vagrant/workspace/mf/yii/framework/web/CWebApplication.php(282): PayController->run()
#4 /home/vagrant/workspace/mf/yii/framework/web/CWebApplication.php(141): CWebApplication->runController()
#5 /home/vagrant/workspace/mf/yii/framework/base/CApplication.php(169): CWebApplication->processRequest()
#6 /home/vagrant/workspace/mf/index.php(7): CWebApplication->run()
REQUEST_URI=/mf/index.php?r=pay/alipay
in /home/vagrant/workspace/mf/protected/controllers/PayController.php (41)
in /home/vagrant/workspace/mf/protected/controllers/PayController.php (28)
in /home/vagrant/workspace/mf/index.php (7)
2014/12/11 08:18:18 [error] [exception.CException] exception 'CException' with message 'PayController cannot find the requested view "index".' in /home/vagrant/workspace/mf/yii/framework/web/CController.php:878
Stack trace:
#0 /home/vagrant/workspace/mf/yii/framework/web/CController.php(782): CController->renderPartial('index', NULL, true)
#1 /home/vagrant/workspace/mf/protected/controllers/PayController.php(9): CController->render('index')
#2 /home/vagrant/workspace/mf/yii/framework/web/actions/CInlineAction.php(49): PayController->actionIndex()
#3 /home/vagrant/workspace/mf/yii/framework/web/CController.php(308): CInlineAction->runWithParams(Array)
#4 /home/vagrant/workspace/mf/yii/framework/web/CController.php(286): CController->runAction(Object(CInlineAction))
#5 /home/vagrant/workspace/mf/yii/framework/web/CController.php(265): CController->runActionWithFilters(Object(CInlineAction), Array)
#6 /home/vagrant/workspace/mf/yii/framework/web/CWebApplication.php(282): CController->run('index')
#7 /home/vagrant/workspace/mf/yii/framework/web/CWebApplication.php(141): CWebApplication->runController('pay/index')
#8 /home/vagrant/workspace/mf/yii/framework/base/CApplication.php(169): CWebApplication->processRequest()
#9 /home/vagrant/workspace/mf/index.php(7): CApplication->run()
#10 {main}
REQUEST_URI=/mf/index.php?r=pay/index
---
2014/12/11 08:18:23 [error] [php] Undefined variable: alipay_config (/home/vagrant/workspace/mf/protected/extensions/alipay/Alipay.php:33)
Stack trace:
#0 /home/vagrant/workspace/mf/yii/framework/web/actions/CInlineAction.php(49): PayController->actionAlipay()
#1 /home/vagrant/workspace/mf/yii/framework/web/CController.php(308): CInlineAction->runWithParams()
#2 /home/vagrant/workspace/mf/yii/framework/web/CController.php(286): PayController->runAction()
#3 /home/vagrant/workspace/mf/yii/framework/web/CController.php(265): PayController->runActionWithFilters()
#4 /home/vagrant/workspace/mf/yii/framework/web/CWebApplication.php(282): PayController->run()
#5 /home/vagrant/workspace/mf/yii/framework/web/CWebApplication.php(141): CWebApplication->runController()
#6 /home/vagrant/workspace/mf/yii/framework/base/CApplication.php(169): CWebApplication->processRequest()
#7 /home/vagrant/workspace/mf/index.php(7): CWebApplication->run()
REQUEST_URI=/mf/index.php?r=pay/alipay
in /home/vagrant/workspace/mf/protected/extensions/alipay/Alipay.php (33)
in /home/vagrant/workspace/mf/protected/controllers/PayController.php (43)
in /home/vagrant/workspace/mf/protected/controllers/PayController.php (28)
2014/12/11 08:18:48 [error] [php] Undefined variable: alipay_config (/home/vagrant/workspace/mf/protected/extensions/alipay/Alipay.php:33)
Stack trace:
#0 /home/vagrant/workspace/mf/yii/framework/web/actions/CInlineAction.php(49): PayController->actionAlipay()
#1 /home/vagrant/workspace/mf/yii/framework/web/CController.php(308): CInlineAction->runWithParams()
#2 /home/vagrant/workspace/mf/yii/framework/web/CController.php(286): PayController->runAction()
#3 /home/vagrant/workspace/mf/yii/framework/web/CController.php(265): PayController->runActionWithFilters()
#4 /home/vagrant/workspace/mf/yii/framework/web/CWebApplication.php(282): PayController->run()
#5 /home/vagrant/workspace/mf/yii/framework/web/CWebApplication.php(141): CWebApplication->runController()
#6 /home/vagrant/workspace/mf/yii/framework/base/CApplication.php(169): CWebApplication->processRequest()
#7 /home/vagrant/workspace/mf/index.php(7): CWebApplication->run()
REQUEST_URI=/mf/index.php?r=pay/alipay
in /home/vagrant/workspace/mf/protected/extensions/alipay/Alipay.php (33)
in /home/vagrant/workspace/mf/protected/controllers/PayController.php (43)
in /home/vagrant/workspace/mf/protected/controllers/PayController.php (28)
2014/12/11 08:19:18 [error] [php] Undefined variable: alipay_config (/home/vagrant/workspace/mf/protected/extensions/alipay/Alipay.php:33)
Stack trace:
#0 /home/vagrant/workspace/mf/yii/framework/web/actions/CInlineAction.php(49): PayController->actionAlipay()
#1 /home/vagrant/workspace/mf/yii/framework/web/CController.php(308): CInlineAction->runWithParams()
#2 /home/vagrant/workspace/mf/yii/framework/web/CController.php(286): PayController->runAction()
#3 /home/vagrant/workspace/mf/yii/framework/web/CController.php(265): PayController->runActionWithFilters()
#4 /home/vagrant/workspace/mf/yii/framework/web/CWebApplication.php(282): PayController->run()
#5 /home/vagrant/workspace/mf/yii/framework/web/CWebApplication.php(141): CWebApplication->runController()
#6 /home/vagrant/workspace/mf/yii/framework/base/CApplication.php(169): CWebApplication->processRequest()
#7 /home/vagrant/workspace/mf/index.php(7): CWebApplication->run()
REQUEST_URI=/mf/index.php?r=pay/alipay
in /home/vagrant/workspace/mf/protected/extensions/alipay/Alipay.php (33)
in /home/vagrant/workspace/mf/protected/controllers/PayController.php (43)
in /home/vagrant/workspace/mf/protected/controllers/PayController.php (28)
=======
2014/10/17 12:12:57 [error] [exception.CHttpException.404] exception 'CHttpException' with message 'Unable to resolve the request "passport?callback=/~littledang/mf/index.php?r=i/myorder".' in /Users/littledang/Sites/mf/yii/framework/web/CWebApplication.php:286
Stack trace:
#0 /Users/littledang/Sites/mf/yii/framework/web/CWebApplication.php(141): CWebApplication->runController('passport?callba...')
#1 /Users/littledang/Sites/mf/yii/framework/base/CApplication.php(169): CWebApplication->processRequest()
#2 /Users/littledang/Sites/mf/index.php(7): CApplication->run()
#3 {main}
REQUEST_URI=/~littledang/mf/index.php?r=passport?callback=%2F%7Elittledang%2Fmf%2Findex.php%3Fr%3Di%2Fmyorder
HTTP_REFERER=http://localhost/~littledang/mf/index.php?r=passport/login
---
2014/10/17 12:13:20 [error] [exception.CHttpException.404] exception 'CHttpException' with message 'Unable to resolve the request "passport?callback=/~littledang/mf/index.php?r=i/myorder".' in /Users/littledang/Sites/mf/yii/framework/web/CWebApplication.php:286
Stack trace:
#0 /Users/littledang/Sites/mf/yii/framework/web/CWebApplication.php(141): CWebApplication->runController('passport?callba...')
#1 /Users/littledang/Sites/mf/yii/framework/base/CApplication.php(169): CWebApplication->processRequest()
#2 /Users/littledang/Sites/mf/index.php(7): CApplication->run()
#3 {main}
REQUEST_URI=/~littledang/mf/index.php?r=passport?callback=%2F%7Elittledang%2Fmf%2Findex.php%3Fr%3Di%2Fmyorder
HTTP_REFERER=http://localhost/~littledang/mf/index.php?r=passport/login
---
2014/10/17 12:13:59 [error] [exception.CHttpException.404] exception 'CHttpException' with message 'Unable to resolve the request "passport?callback=/~littledang/mf/index.php?r=i/myorder".' in /Users/littledang/Sites/mf/yii/framework/web/CWebApplication.php:286
Stack trace:
#0 /Users/littledang/Sites/mf/yii/framework/web/CWebApplication.php(141): CWebApplication->runController('passport?callba...')
#1 /Users/littledang/Sites/mf/yii/framework/base/CApplication.php(169): CWebApplication->processRequest()
#2 /Users/littledang/Sites/mf/index.php(7): CApplication->run()
#3 {main}
REQUEST_URI=/~littledang/mf/index.php?r=passport?callback=%2F%7Elittledang%2Fmf%2Findex.php%3Fr%3Di%2Fmyorder
HTTP_REFERER=http://localhost/~littledang/mf/index.php?r=passport/login
---
2014/10/17 12:14:04 [error] [exception.CHttpException.404] exception 'CHttpException' with message 'Unable to resolve the request "passport?callback=/~littledang/mf/index.php?r=i/myorder".' in /Users/littledang/Sites/mf/yii/framework/web/CWebApplication.php:286
Stack trace:
#0 /Users/littledang/Sites/mf/yii/framework/web/CWebApplication.php(141): CWebApplication->runController('passport?callba...')
#1 /Users/littledang/Sites/mf/yii/framework/base/CApplication.php(169): CWebApplication->processRequest()
#2 /Users/littledang/Sites/mf/index.php(7): CApplication->run()
#3 {main}
REQUEST_URI=/~littledang/mf/index.php?r=passport?callback=%2F%7Elittledang%2Fmf%2Findex.php%3Fr%3Di%2Fmyorder
HTTP_REFERER=http://localhost/~littledang/mf/index.php?r=passport/login
---
2014/10/17 12:14:31 [error] [exception.CHttpException.404] exception 'CHttpException' with message 'Unable to resolve the request "passport?callback=/~littledang/mf/index.php?r=i/myorder".' in /Users/littledang/Sites/mf/yii/framework/web/CWebApplication.php:286
Stack trace:
#0 /Users/littledang/Sites/mf/yii/framework/web/CWebApplication.php(141): CWebApplication->runController('passport?callba...')
#1 /Users/littledang/Sites/mf/yii/framework/base/CApplication.php(169): CWebApplication->processRequest()
#2 /Users/littledang/Sites/mf/index.php(7): CApplication->run()
#3 {main}
REQUEST_URI=/~littledang/mf/index.php?r=passport?callback=%2F%7Elittledang%2Fmf%2Findex.php%3Fr%3Di%2Fmyorder
HTTP_REFERER=http://localhost/~littledang/mf/index.php?r=passport/login
---
2014/10/17 12:14:34 [error] [exception.CHttpException.404] exception 'CHttpException' with message 'Unable to resolve the request "passport?callback=/~littledang/mf/index.php?r=i/myorder".' in /Users/littledang/Sites/mf/yii/framework/web/CWebApplication.php:286
Stack trace:
#0 /Users/littledang/Sites/mf/yii/framework/web/CWebApplication.php(141): CWebApplication->runController('passport?callba...')
#1 /Users/littledang/Sites/mf/yii/framework/base/CApplication.php(169): CWebApplication->processRequest()
#2 /Users/littledang/Sites/mf/index.php(7): CApplication->run()
#3 {main}
REQUEST_URI=/~littledang/mf/index.php?r=passport?callback=%2F%7Elittledang%2Fmf%2Findex.php%3Fr%3Di%2Fmyorder
HTTP_REFERER=http://localhost/~littledang/mf/index.php?r=passport/login
---
2014/10/17 12:14:46 [error] [exception.CHttpException.404] exception 'CHttpException' with message 'The system is unable to find the requested action "index".' in /Users/littledang/Sites/mf/yii/framework/web/CController.php:483
Stack trace:
#0 /Users/littledang/Sites/mf/yii/framework/web/CController.php(270): CController->missingAction('')
#1 /Users/littledang/Sites/mf/yii/framework/web/CWebApplication.php(282): CController->run('')
#2 /Users/littledang/Sites/mf/yii/framework/web/CWebApplication.php(141): CWebApplication->runController('passport')
#3 /Users/littledang/Sites/mf/yii/framework/base/CApplication.php(169): CWebApplication->processRequest()
#4 /Users/littledang/Sites/mf/index.php(7): CApplication->run()
#5 {main}
REQUEST_URI=/~littledang/mf/index.php?r=passport&callback=%2F%7Elittledang%2Fmf%2Findex.php%3Fr%3Di%2Fmyorder
HTTP_REFERER=http://localhost/~littledang/mf/index.php?r=passport/login
---
2014/10/17 12:15:11 [error] [exception.CHttpException.404] exception 'CHttpException' with message 'The system is unable to find the requested action "index".' in /Users/littledang/Sites/mf/yii/framework/web/CController.php:483
Stack trace:
#0 /Users/littledang/Sites/mf/yii/framework/web/CController.php(270): CController->missingAction('')
#1 /Users/littledang/Sites/mf/yii/framework/web/CWebApplication.php(282): CController->run('')
#2 /Users/littledang/Sites/mf/yii/framework/web/CWebApplication.php(141): CWebApplication->runController('passport')
#3 /Users/littledang/Sites/mf/yii/framework/base/CApplication.php(169): CWebApplication->processRequest()
#4 /Users/littledang/Sites/mf/index.php(7): CApplication->run()
#5 {main}
REQUEST_URI=/~littledang/mf/index.php?r=passport&callback=%2F%7Elittledang%2Fmf%2Findex.php%3Fr%3Di%2Fmyorder
HTTP_REFERER=http://localhost/~littledang/mf/index.php?r=passport/login
---
2014/10/17 12:26:47 [error] [exception.CException] exception 'CException' with message 'PassportController and its behaviors do not have a method or closure named "createUlr".' in /Users/littledang/Sites/mf/yii/framework/base/CComponent.php:265
Stack trace:
#0 /Users/littledang/Sites/mf/themes/mall/views/layouts/account.php(13): CComponent->__call('createUlr', Array)
#1 /Users/littledang/Sites/mf/themes/mall/views/layouts/account.php(13): PassportController->createUlr('/i/cart')
#2 /Users/littledang/Sites/mf/yii/framework/web/CBaseController.php(126): require('/Users/littleda...')
#3 /Users/littledang/Sites/mf/yii/framework/web/CBaseController.php(95): CBaseController->renderInternal('/Users/littleda...', Array, true)
#4 /Users/littledang/Sites/mf/yii/framework/web/CController.php(784): CBaseController->renderFile('/Users/littleda...', Array, true)
#5 /Users/littledang/Sites/mf/protected/controllers/PassportController.php(48): CController->render('login', Array)
#6 /Users/littledang/Sites/mf/yii/framework/web/actions/CInlineAction.php(49): PassportController->actionLogin()
#7 /Users/littledang/Sites/mf/yii/framework/web/CController.php(308): CInlineAction->runWithParams(Array)
#8 /Users/littledang/Sites/mf/yii/framework/web/CController.php(286): CController->runAction(Object(CInlineAction))
#9 /Users/littledang/Sites/mf/yii/framework/web/CController.php(265): CController->runActionWithFilters(Object(CInlineAction), Array)
#10 /Users/littledang/Sites/mf/yii/framework/web/CWebApplication.php(282): CController->run('login')
#11 /Users/littledang/Sites/mf/yii/framework/web/CWebApplication.php(141): CWebApplication->runController('passport/login')
#12 /Users/littledang/Sites/mf/yii/framework/base/CApplication.php(169): CWebApplication->processRequest()
#13 /Users/littledang/Sites/mf/index.php(7): CApplication->run()
#14 {main}
REQUEST_URI=/~littledang/mf/index.php?r=passport/login&callback=%2F%7Elittledang%2Fmf%2Findex.php%3Fr%3Di%2Fmyorder
HTTP_REFERER=http://localhost/~littledang/mf/index.php?r=passport/login&callback=%2F%7Elittledang%2Fmf%2Findex.php%3Fr%3Di%2Fmyorder
---
>>>>>>> 2ec3e25dfdace0a3b304545f0eef89e9217fd85f
